[35m[Appium][39m Welcome to Appium v1.22.0
[35m[Appium][39m Non-default server args:
[35m[Appium][39m   port: 53719
[35m[Appium][39m   loglevel: info
[35m[Appium][39m   tmpDir: C:\Users\user\AppData\Local\Temp\\Katalon\Appium\Temp1636375708943
[35m[Appium][39m   chromedriverPort: 53720
[35m[Appium][39m Deprecated server args:
[35m[Appium][39m   [31m--chromedriver-port[39m => --default-capabilities
[35m[Appium][39m Default capabilities, which will be added to each request unless overridden by desired capabilities:
[35m[Appium][39m   chromedriverPort: 53720
[35m[Appium][39m Appium REST http interface listener started on 0.0.0.0:53719
[35m[HTTP][39m [37m-->[39m [37mGET[39m [37m/wd/hub/status[39m
[35m[HTTP][39m [90m{}[39m
[35m[HTTP][39m [37m<-- GET /wd/hub/status [39m[32m200[39m [90m9 ms - 68[39m
[35m[HTTP][39m [90m[39m
[35m[HTTP][39m [37m-->[39m [37mGET[39m [37m/wd/hub/status[39m
[35m[HTTP][39m [90m{}[39m
[35m[HTTP][39m [37m<-- GET /wd/hub/status [39m[32m200[39m [90m2 ms - 68[39m
[35m[HTTP][39m [90m[39m
[35m[HTTP][39m [37m-->[39m [37mPOST[39m [37m/wd/hub/session[39m
[35m[HTTP][39m [90m{"desiredCapabilities":{"app":"C:\\Users\\user\\Downloads\\FMCG.apk","noReset":true,"deviceName":"samsung SM-J810G (Android 9)","fullReset":false,"platform":"ANDROID","newCommandTimeout":1800,"platformVersion":"9","automationName":"uiautomator2","autoGrantPermissions":true,"platformName":"Android","udid":"d2326846","systemPort":53727},"capabilities":{"firstMatch":[{"appium:app":"C:\\Users\\user\\Downloads\\FMCG.apk","appium:autoGrantPermissions":true,"appium:automationName":"uiautomator2","appium:deviceName":"samsung SM-J810G (Android 9)","appium:fullReset":false,"appium:newCommandTimeout":1800,"appium:noReset":true,"platform":"ANDROID","platformName":"android","appium:platformVersion":"9","appium:systemPort":53727,"appium:udid":"d2326846"}]}}[39m
[35m[BaseDriver][39m The following capabilities are not standard capabilities and should have an extension prefix:
[35m[BaseDriver][39m   platform
[35m[BaseDriver][39m   chromedriverPort
[35m[Appium][39m Appium v1.22.0 creating new AndroidUiautomator2Driver (v1.69.0) session
[35m[BaseDriver][39m The following capabilities were provided, but are not recognized by Appium:
[35m[BaseDriver][39m   platform
[35m[BaseDriver][39m Session created with session id: bc378be5-e703-4e6d-95e3-3e46377ccd80
[35m[BaseDriver][39m Using local app 'C:\Users\user\Downloads\FMCG.apk'
[35m[ADB][39m Found 1 'build-tools' folders under 'C:\Users\user\.katalon\tools\android_sdk' (newest first):
[35m[ADB][39m     C:/Users/user/.katalon/tools/android_sdk/build-tools/29.0.3
[35m[ADB][39m Using 'adb.exe' from 'C:\Users\user\.katalon\tools\android_sdk\platform-tools\adb.exe'
[35m[AndroidDriver][39m Retrieving device list
[35m[AndroidDriver][39m Using device: d2326846
[35m[ADB][39m Using 'adb.exe' from 'C:\Users\user\.katalon\tools\android_sdk\platform-tools\adb.exe'
[35m[ADB][39m Getting device platform version
[35m[UiAutomator2][39m Relaxing hidden api policy
[35m[ADB][39m Package name: 'agency.ost.fmcg'
[35m[ADB][39m Main activity name: 'agency.ost.fmcg.MainActivity'
[35m[ADB][39m Using 'apksigner.jar' from 'C:\Users\user\.katalon\tools\android_sdk\build-tools\29.0.3\lib\apksigner.jar'
[35m[ADB][39m 'C:\Users\user\AppData\Roaming\npm\node_modules\appium\node_modules\appium-uiautomator2-server\apks\appium-uiautomator2-server-v4.24.0.apk' is signed with the default certificate
[35m[ADB][39m 'C:\Users\user\AppData\Roaming\npm\node_modules\appium\node_modules\appium-uiautomator2-server\apks\appium-uiautomator2-server-debug-androidTest.apk' is signed with the default certificate
[35m[UiAutomator2][39m Server packages are not going to be (re)installed
[35m[ADB][39m Adding packages ["io.appium.settings","io.appium.uiautomator2.server","io.appium.uiautomator2.server.test"] to Doze whitelist
[35m[ADB][39m 'C:\Users\user\Downloads\FMCG.apk' is signed with a non-default certificate
[35m[UiAutomator2][39m Starting UIAutomator2 server 4.24.0
[35m[UiAutomator2][39m Using UIAutomator2 server from 'C:\Users\user\AppData\Roaming\npm\node_modules\appium\node_modules\appium-uiautomator2-server\apks\appium-uiautomator2-server-v4.24.0.apk' and test from 'C:\Users\user\AppData\Roaming\npm\node_modules\appium\node_modules\appium-uiautomator2-server\apks\appium-uiautomator2-server-debug-androidTest.apk'
[35m[UiAutomator2][39m Waiting up to 30000ms for UiAutomator2 to be online...
[35m[WD Proxy][39m socket hang up
[35m[WD Proxy][39m socket hang up
[35m[WD Proxy][39m socket hang up
[35m[WD Proxy][39m socket hang up
[35m[WD Proxy][39m socket hang up
[35m[WD Proxy][39m Determined the downstream protocol as 'W3C'
[35m[AndroidDriver][39m Screen already unlocked, doing nothing
[35m[UiAutomator2][39m Starting 'agency.ost.fmcg/agency.ost.fmcg.MainActivity and waiting for 'agency.ost.fmcg/agency.ost.fmcg.MainActivity'
[35m[Appium][39m New AndroidUiautomator2Driver session created successfully, session bc378be5-e703-4e6d-95e3-3e46377ccd80 added to master session list
[35m[HTTP][39m [37m<-- POST /wd/hub/session [39m[32m200[39m [90m14121 ms - 1205[39m
[35m[HTTP][39m [90m[39m
[35m[HTTP][39m [37m-->[39m [37mGET[39m [37m/wd/hub/session/bc378be5-e703-4e6d-95e3-3e46377ccd80[39m
[35m[HTTP][39m [90m{}[39m
[35m[HTTP][39m [37m<-- GET /wd/hub/session/bc378be5-e703-4e6d-95e3-3e46377ccd80 [39m[32m200[39m [90m41 ms - 1159[39m
[35m[HTTP][39m [90m[39m
[35m[HTTP][39m [37m-->[39m [37mGET[39m [37m/wd/hub/session/bc378be5-e703-4e6d-95e3-3e46377ccd80[39m
[35m[HTTP][39m [90m{}[39m
[35m[HTTP][39m [37m<-- GET /wd/hub/session/bc378be5-e703-4e6d-95e3-3e46377ccd80 [39m[32m200[39m [90m32 ms - 1159[39m
[35m[HTTP][39m [90m[39m
[35m[HTTP][39m [37m-->[39m [37mGET[39m [37m/wd/hub/status[39m
[35m[HTTP][39m [90m{}[39m
[35m[HTTP][39m [37m<-- GET /wd/hub/status [39m[32m200[39m [90m1 ms - 68[39m
[35m[HTTP][39m [90m[39m
[35m[HTTP][39m [37m-->[39m [37mPOST[39m [37m/wd/hub/session/bc378be5-e703-4e6d-95e3-3e46377ccd80/timeouts[39m
[35m[HTTP][39m [90m{"implicit":60000}[39m
[35m[HTTP][39m [37m<-- POST /wd/hub/session/bc378be5-e703-4e6d-95e3-3e46377ccd80/timeouts [39m[32m200[39m [90m6 ms - 14[39m
[35m[HTTP][39m [90m[39m
[35m[HTTP][39m [37m-->[39m [37mGET[39m [37m/wd/hub/session/bc378be5-e703-4e6d-95e3-3e46377ccd80/source[39m
[35m[HTTP][39m [90m{}[39m
[35m[W3C (bc378be5)][39m Driver proxy active, passing request on via HTTP proxy
[35m[WD Proxy][39m Replacing sessionId 26e0cc19-9bce-448e-b7f7-4f1d43cf52e0 with bc378be5-e703-4e6d-95e3-3e46377ccd80
[35m[HTTP][39m [37m<-- GET /wd/hub/session/bc378be5-e703-4e6d-95e3-3e46377ccd80/source [39m[32m200[39m [90m178 ms - 2282[39m
[35m[HTTP][39m [90m[39m
[35m[HTTP][39m [37m-->[39m [37mGET[39m [37m/wd/hub/session/bc378be5-e703-4e6d-95e3-3e46377ccd80/screenshot[39m
[35m[HTTP][39m [90m{}[39m
[35m[HTTP][39m [37m<-- GET /wd/hub/session/bc378be5-e703-4e6d-95e3-3e46377ccd80/screenshot [39m[32m200[39m [90m645 ms - 72922[39m
[35m[HTTP][39m [90m[39m
[35m[HTTP][39m [37m-->[39m [37mGET[39m [37m/wd/hub/session/bc378be5-e703-4e6d-95e3-3e46377ccd80/source[39m
[35m[HTTP][39m [90m{}[39m
[35m[W3C (bc378be5)][39m Driver proxy active, passing request on via HTTP proxy
[35m[WD Proxy][39m Replacing sessionId 26e0cc19-9bce-448e-b7f7-4f1d43cf52e0 with bc378be5-e703-4e6d-95e3-3e46377ccd80
[35m[HTTP][39m [37m<-- GET /wd/hub/session/bc378be5-e703-4e6d-95e3-3e46377ccd80/source [39m[32m200[39m [90m405 ms - 9714[39m
[35m[HTTP][39m [90m[39m
[35m[HTTP][39m [37m-->[39m [37mGET[39m [37m/wd/hub/session/bc378be5-e703-4e6d-95e3-3e46377ccd80/screenshot[39m
[35m[HTTP][39m [90m{}[39m
[35m[HTTP][39m [37m<-- GET /wd/hub/session/bc378be5-e703-4e6d-95e3-3e46377ccd80/screenshot [39m[32m200[39m [90m582 ms - 52594[39m
[35m[HTTP][39m [90m[39m
[35m[HTTP][39m [37m-->[39m [37mPOST[39m [37m/wd/hub/session/bc378be5-e703-4e6d-95e3-3e46377ccd80/elements[39m
[35m[HTTP][39m [90m{"using":"xpath","value":"//*[@class = 'android.widget.Button' and (@text = 'SKIP' or . = 'SKIP')]"}[39m
[35m[HTTP][39m [37m<-- POST /wd/hub/session/bc378be5-e703-4e6d-95e3-3e46377ccd80/elements [39m[32m200[39m [90m358 ms - 139[39m
[35m[HTTP][39m [90m[39m
[35m[HTTP][39m [37m-->[39m [37mGET[39m [37m/wd/hub/session/bc378be5-e703-4e6d-95e3-3e46377ccd80/window/rect[39m
[35m[HTTP][39m [90m{}[39m
[35m[HTTP][39m [37m<-- GET /wd/hub/session/bc378be5-e703-4e6d-95e3-3e46377ccd80/window/rect [39m[32m200[39m [90m70 ms - 49[39m
[35m[HTTP][39m [90m[39m
[35m[HTTP][39m [37m-->[39m [37mPOST[39m [37m/wd/hub/session/bc378be5-e703-4e6d-95e3-3e46377ccd80/elements[39m
[35m[HTTP][39m [90m{"using":"xpath","value":"//*[@class = 'android.widget.Button' and (@text = 'SKIP' or . = 'SKIP')]"}[39m
[35m[HTTP][39m [37m<-- POST /wd/hub/session/bc378be5-e703-4e6d-95e3-3e46377ccd80/elements [39m[32m200[39m [90m198 ms - 139[39m
[35m[HTTP][39m [90m[39m
[35m[HTTP][39m [37m-->[39m [37mGET[39m [37m/wd/hub/session/bc378be5-e703-4e6d-95e3-3e46377ccd80/element/00000000-0000-07e3-0000-006500000004/location[39m
[35m[HTTP][39m [90m{}[39m
[35m[W3C (bc378be5)][39m Driver proxy active, passing request on via HTTP proxy
[35m[WD Proxy][39m Replacing sessionId 26e0cc19-9bce-448e-b7f7-4f1d43cf52e0 with bc378be5-e703-4e6d-95e3-3e46377ccd80
[35m[HTTP][39m [37m<-- GET /wd/hub/session/bc378be5-e703-4e6d-95e3-3e46377ccd80/element/00000000-0000-07e3-0000-006500000004/location [39m[32m200[39m [90m52 ms - 78[39m
[35m[HTTP][39m [90m[39m
[35m[HTTP][39m [37m-->[39m [37mPOST[39m [37m/wd/hub/session/bc378be5-e703-4e6d-95e3-3e46377ccd80/touch/perform[39m
[35m[HTTP][39m [90m{"actions":[{"action":"tap","options":{"x":1,"y":1,"element":"00000000-0000-07e3-0000-006500000004"}}]}[39m
[35m[UiAutomator2][39m calling get location: 00000000-0000-07e3-0000-006500000004
[35m[HTTP][39m [37m<-- POST /wd/hub/session/bc378be5-e703-4e6d-95e3-3e46377ccd80/touch/perform [39m[32m200[39m [90m271 ms - 14[39m
[35m[HTTP][39m [90m[39m
[35m[HTTP][39m [37m-->[39m [37mGET[39m [37m/wd/hub/session/bc378be5-e703-4e6d-95e3-3e46377ccd80/source[39m
[35m[HTTP][39m [90m{}[39m
[35m[W3C (bc378be5)][39m Driver proxy active, passing request on via HTTP proxy
[35m[WD Proxy][39m Replacing sessionId 26e0cc19-9bce-448e-b7f7-4f1d43cf52e0 with bc378be5-e703-4e6d-95e3-3e46377ccd80
[35m[HTTP][39m [37m<-- GET /wd/hub/session/bc378be5-e703-4e6d-95e3-3e46377ccd80/source [39m[32m200[39m [90m1326 ms - 12477[39m
[35m[HTTP][39m [90m[39m
[35m[HTTP][39m [37m-->[39m [37mGET[39m [37m/wd/hub/session/bc378be5-e703-4e6d-95e3-3e46377ccd80/screenshot[39m
[35m[HTTP][39m [90m{}[39m
[35m[HTTP][39m [37m<-- GET /wd/hub/session/bc378be5-e703-4e6d-95e3-3e46377ccd80/screenshot [39m[32m200[39m [90m545 ms - 55874[39m
[35m[HTTP][39m [90m[39m
[35m[HTTP][39m [37m-->[39m [37mPOST[39m [37m/wd/hub/session/bc378be5-e703-4e6d-95e3-3e46377ccd80/elements[39m
[35m[HTTP][39m [90m{"using":"xpath","value":"//*[@class = 'android.widget.Button' and (@text = 'Use Current Address' or . = 'Use Current Address')]"}[39m
[35m[HTTP][39m [37m<-- POST /wd/hub/session/bc378be5-e703-4e6d-95e3-3e46377ccd80/elements [39m[32m200[39m [90m685 ms - 139[39m
[35m[HTTP][39m [90m[39m
[35m[HTTP][39m [37m-->[39m [37mGET[39m [37m/wd/hub/session/bc378be5-e703-4e6d-95e3-3e46377ccd80/window/rect[39m
[35m[HTTP][39m [90m{}[39m
[35m[HTTP][39m [37m<-- GET /wd/hub/session/bc378be5-e703-4e6d-95e3-3e46377ccd80/window/rect [39m[32m200[39m [90m41 ms - 49[39m
[35m[HTTP][39m [90m[39m
[35m[HTTP][39m [37m-->[39m [37mPOST[39m [37m/wd/hub/session/bc378be5-e703-4e6d-95e3-3e46377ccd80/elements[39m
[35m[HTTP][39m [90m{"using":"xpath","value":"//*[@class = 'android.widget.Button' and (@text = 'Use Current Address' or . = 'Use Current Address')]"}[39m
[35m[HTTP][39m [37m<-- POST /wd/hub/session/bc378be5-e703-4e6d-95e3-3e46377ccd80/elements [39m[32m200[39m [90m174 ms - 139[39m
[35m[HTTP][39m [90m[39m
[35m[HTTP][39m [37m-->[39m [37mGET[39m [37m/wd/hub/session/bc378be5-e703-4e6d-95e3-3e46377ccd80/element/00000000-0000-07e3-0000-02d500000004/location[39m
[35m[HTTP][39m [90m{}[39m
[35m[W3C (bc378be5)][39m Driver proxy active, passing request on via HTTP proxy
[35m[WD Proxy][39m Replacing sessionId 26e0cc19-9bce-448e-b7f7-4f1d43cf52e0 with bc378be5-e703-4e6d-95e3-3e46377ccd80
[35m[HTTP][39m [37m<-- GET /wd/hub/session/bc378be5-e703-4e6d-95e3-3e46377ccd80/element/00000000-0000-07e3-0000-02d500000004/location [39m[32m200[39m [90m43 ms - 78[39m
[35m[HTTP][39m [90m[39m
[35m[HTTP][39m [37m-->[39m [37mPOST[39m [37m/wd/hub/session/bc378be5-e703-4e6d-95e3-3e46377ccd80/touch/perform[39m
[35m[HTTP][39m [90m{"actions":[{"action":"tap","options":{"x":1,"y":1,"element":"00000000-0000-07e3-0000-02d500000004"}}]}[39m
[35m[UiAutomator2][39m calling get location: 00000000-0000-07e3-0000-02d500000004
[35m[HTTP][39m [37m<-- POST /wd/hub/session/bc378be5-e703-4e6d-95e3-3e46377ccd80/touch/perform [39m[32m200[39m [90m233 ms - 14[39m
[35m[HTTP][39m [90m[39m
[35m[HTTP][39m [37m-->[39m [37mGET[39m [37m/wd/hub/session/bc378be5-e703-4e6d-95e3-3e46377ccd80/source[39m
[35m[HTTP][39m [90m{}[39m
[35m[W3C (bc378be5)][39m Driver proxy active, passing request on via HTTP proxy
[35m[WD Proxy][39m Replacing sessionId 26e0cc19-9bce-448e-b7f7-4f1d43cf52e0 with bc378be5-e703-4e6d-95e3-3e46377ccd80
[35m[HTTP][39m [37m<-- GET /wd/hub/session/bc378be5-e703-4e6d-95e3-3e46377ccd80/source [39m[32m200[39m [90m1026 ms - 12900[39m
[35m[HTTP][39m [90m[39m
[35m[HTTP][39m [37m-->[39m [37mGET[39m [37m/wd/hub/session/bc378be5-e703-4e6d-95e3-3e46377ccd80/screenshot[39m
[35m[HTTP][39m [90m{}[39m
[35m[HTTP][39m [37m<-- GET /wd/hub/session/bc378be5-e703-4e6d-95e3-3e46377ccd80/screenshot [39m[32m200[39m [90m592 ms - 79992[39m
[35m[HTTP][39m [90m[39m
[35m[HTTP][39m [37m-->[39m [37mGET[39m [37m/wd/hub/session/bc378be5-e703-4e6d-95e3-3e46377ccd80/source[39m
[35m[HTTP][39m [90m{}[39m
[35m[W3C (bc378be5)][39m Driver proxy active, passing request on via HTTP proxy
[35m[WD Proxy][39m Replacing sessionId 26e0cc19-9bce-448e-b7f7-4f1d43cf52e0 with bc378be5-e703-4e6d-95e3-3e46377ccd80
[35m[HTTP][39m [37m<-- GET /wd/hub/session/bc378be5-e703-4e6d-95e3-3e46377ccd80/source [39m[32m200[39m [90m449 ms - 23270[39m
[35m[HTTP][39m [90m[39m
[35m[HTTP][39m [37m-->[39m [37mGET[39m [37m/wd/hub/session/bc378be5-e703-4e6d-95e3-3e46377ccd80/screenshot[39m
[35m[HTTP][39m [90m{}[39m
[35m[HTTP][39m [37m<-- GET /wd/hub/session/bc378be5-e703-4e6d-95e3-3e46377ccd80/screenshot [39m[32m200[39m [90m1688 ms - 1435624[39m
[35m[HTTP][39m [90m[39m
[35m[HTTP][39m [37m-->[39m [37mPOST[39m [37m/wd/hub/session/bc378be5-e703-4e6d-95e3-3e46377ccd80/elements[39m
[35m[HTTP][39m [90m{"using":"xpath","value":"//*[@class = 'android.widget.Image' and (@text = 'Fresh-Produce-500x500' or . = 'Fresh-Produce-500x500')]"}[39m
[35m[HTTP][39m [37m<-- POST /wd/hub/session/bc378be5-e703-4e6d-95e3-3e46377ccd80/elements [39m[32m200[39m [90m322 ms - 139[39m
[35m[HTTP][39m [90m[39m
[35m[HTTP][39m [37m-->[39m [37mGET[39m [37m/wd/hub/session/bc378be5-e703-4e6d-95e3-3e46377ccd80/window/rect[39m
[35m[HTTP][39m [90m{}[39m
[35m[HTTP][39m [37m<-- GET /wd/hub/session/bc378be5-e703-4e6d-95e3-3e46377ccd80/window/rect [39m[32m200[39m [90m28 ms - 49[39m
[35m[HTTP][39m [90m[39m
[35m[HTTP][39m [37m-->[39m [37mPOST[39m [37m/wd/hub/session/bc378be5-e703-4e6d-95e3-3e46377ccd80/elements[39m
[35m[HTTP][39m [90m{"using":"xpath","value":"//*[@class = 'android.widget.Image' and (@text = 'Fresh-Produce-500x500' or . = 'Fresh-Produce-500x500')]"}[39m
[35m[HTTP][39m [37m<-- POST /wd/hub/session/bc378be5-e703-4e6d-95e3-3e46377ccd80/elements [39m[32m200[39m [90m309 ms - 139[39m
[35m[HTTP][39m [90m[39m
[35m[HTTP][39m [37m-->[39m [37mGET[39m [37m/wd/hub/session/bc378be5-e703-4e6d-95e3-3e46377ccd80/element/00000000-0000-07e3-0000-03d400000004/location[39m
[35m[HTTP][39m [90m{}[39m
[35m[W3C (bc378be5)][39m Driver proxy active, passing request on via HTTP proxy
[35m[WD Proxy][39m Replacing sessionId 26e0cc19-9bce-448e-b7f7-4f1d43cf52e0 with bc378be5-e703-4e6d-95e3-3e46377ccd80
[35m[HTTP][39m [37m<-- GET /wd/hub/session/bc378be5-e703-4e6d-95e3-3e46377ccd80/element/00000000-0000-07e3-0000-03d400000004/location [39m[32m200[39m [90m46 ms - 76[39m
[35m[HTTP][39m [90m[39m
[35m[HTTP][39m [37m-->[39m [37mPOST[39m [37m/wd/hub/session/bc378be5-e703-4e6d-95e3-3e46377ccd80/touch/perform[39m
[35m[HTTP][39m [90m{"actions":[{"action":"tap","options":{"x":1,"y":1,"element":"00000000-0000-07e3-0000-03d400000004"}}]}[39m
[35m[UiAutomator2][39m calling get location: 00000000-0000-07e3-0000-03d400000004
[35m[HTTP][39m [37m<-- POST /wd/hub/session/bc378be5-e703-4e6d-95e3-3e46377ccd80/touch/perform [39m[32m200[39m [90m234 ms - 14[39m
[35m[HTTP][39m [90m[39m
[35m[HTTP][39m [37m-->[39m [37mGET[39m [37m/wd/hub/session/bc378be5-e703-4e6d-95e3-3e46377ccd80/source[39m
[35m[HTTP][39m [90m{}[39m
[35m[W3C (bc378be5)][39m Driver proxy active, passing request on via HTTP proxy
[35m[WD Proxy][39m Replacing sessionId 26e0cc19-9bce-448e-b7f7-4f1d43cf52e0 with bc378be5-e703-4e6d-95e3-3e46377ccd80
[35m[HTTP][39m [37m<-- GET /wd/hub/session/bc378be5-e703-4e6d-95e3-3e46377ccd80/source [39m[32m200[39m [90m1280 ms - 21773[39m
[35m[HTTP][39m [90m[39m
[35m[HTTP][39m [37m-->[39m [37mGET[39m [37m/wd/hub/session/bc378be5-e703-4e6d-95e3-3e46377ccd80/screenshot[39m
[35m[HTTP][39m [90m{}[39m
[35m[HTTP][39m [37m<-- GET /wd/hub/session/bc378be5-e703-4e6d-95e3-3e46377ccd80/screenshot [39m[32m200[39m [90m563 ms - 50672[39m
[35m[HTTP][39m [90m[39m
[35m[HTTP][39m [37m-->[39m [37mGET[39m [37m/wd/hub/session/bc378be5-e703-4e6d-95e3-3e46377ccd80/source[39m
[35m[HTTP][39m [90m{}[39m
[35m[W3C (bc378be5)][39m Driver proxy active, passing request on via HTTP proxy
[35m[WD Proxy][39m Replacing sessionId 26e0cc19-9bce-448e-b7f7-4f1d43cf52e0 with bc378be5-e703-4e6d-95e3-3e46377ccd80
[35m[HTTP][39m [37m<-- GET /wd/hub/session/bc378be5-e703-4e6d-95e3-3e46377ccd80/source [39m[32m200[39m [90m1268 ms - 70313[39m
[35m[HTTP][39m [90m[39m
[35m[HTTP][39m [37m-->[39m [37mGET[39m [37m/wd/hub/session/bc378be5-e703-4e6d-95e3-3e46377ccd80/screenshot[39m
[35m[HTTP][39m [90m{}[39m
[35m[HTTP][39m [37m<-- GET /wd/hub/session/bc378be5-e703-4e6d-95e3-3e46377ccd80/screenshot [39m[32m200[39m [90m756 ms - 500868[39m
[35m[HTTP][39m [90m[39m
[35m[HTTP][39m [37m-->[39m [37mPOST[39m [37m/wd/hub/session/bc378be5-e703-4e6d-95e3-3e46377ccd80/elements[39m
[35m[HTTP][39m [90m{"using":"xpath","value":"//*[@class = 'android.widget.Button' and (@text = 'ADD' or . = 'ADD')]"}[39m
[35m[HTTP][39m [37m<-- POST /wd/hub/session/bc378be5-e703-4e6d-95e3-3e46377ccd80/elements [39m[32m200[39m [90m60013 ms - 12[39m
[35m[HTTP][39m [90m[39m
[35m[HTTP][39m [37m-->[39m [37mPOST[39m [37m/wd/hub/session/bc378be5-e703-4e6d-95e3-3e46377ccd80/elements[39m
[35m[HTTP][39m [90m{"using":"-android uiautomator","value":"new UiSelector().className(\"android.widget.Button\").text(\"ADD\")"}[39m
[35m[HTTP][39m [37m<-- POST /wd/hub/session/bc378be5-e703-4e6d-95e3-3e46377ccd80/elements [39m[32m200[39m [90m60075 ms - 12[39m
[35m[HTTP][39m [90m[39m
[35m[HTTP][39m [37m-->[39m [37mGET[39m [37m/wd/hub/session/bc378be5-e703-4e6d-95e3-3e46377ccd80/window/rect[39m
[35m[HTTP][39m [90m{}[39m
[35m[HTTP][39m [37m<-- GET /wd/hub/session/bc378be5-e703-4e6d-95e3-3e46377ccd80/window/rect [39m[32m200[39m [90m23 ms - 49[39m
[35m[HTTP][39m [90m[39m
[35m[HTTP][39m [37m-->[39m [37mPOST[39m [37m/wd/hub/session/bc378be5-e703-4e6d-95e3-3e46377ccd80/elements[39m
[35m[HTTP][39m [90m{"using":"xpath","value":"//hierarchy/android.widget.FrameLayout[1]/android.widget.LinearLayout[1]/android.widget.FrameLayout[1]/android.webkit.WebView[1]/android.webkit.WebView[1]/android.view.View[1]/android.view.View[1]/android.view.View[1]/android.view.View[1]/android.view.View[2]/android.view.View[2]/android.view.View[1]/android.view.View[1]/android.view.View[1]/android.view.View[1]/android.view.View[1]/android.view.View[1]/android.view.View[2]/android.view.View[3]/android.view.View[1]/android.widget.Button[1]"}[39m
[35m[HTTP][39m [37m<-- POST /wd/hub/session/bc378be5-e703-4e6d-95e3-3e46377ccd80/elements [39m[32m200[39m [90m60241 ms - 12[39m
[35m[HTTP][39m [90m[39m
[35m[HTTP][39m [37m-->[39m [37mPOST[39m [37m/wd/hub/session/bc378be5-e703-4e6d-95e3-3e46377ccd80/elements[39m
[35m[HTTP][39m [90m{"using":"xpath","value":"//*[@class = 'android.widget.Button' and (@text = 'ADD' or . = 'ADD')]"}[39m
[35m[HTTP][39m [37m<-- POST /wd/hub/session/bc378be5-e703-4e6d-95e3-3e46377ccd80/elements [39m[32m200[39m [90m60064 ms - 12[39m
[35m[HTTP][39m [90m[39m
[35m[HTTP][39m [37m-->[39m [37mPOST[39m [37m/wd/hub/session/bc378be5-e703-4e6d-95e3-3e46377ccd80/elements[39m
[35m[HTTP][39m [90m{"using":"-android uiautomator","value":"new UiSelector().className(\"android.widget.Button\").text(\"ADD\")"}[39m
[35m[HTTP][39m [37m<-- POST /wd/hub/session/bc378be5-e703-4e6d-95e3-3e46377ccd80/elements [39m[32m200[39m [90m60118 ms - 12[39m
[35m[HTTP][39m [90m[39m
[35m[HTTP][39m [37m-->[39m [37mGET[39m [37m/wd/hub/session/bc378be5-e703-4e6d-95e3-3e46377ccd80/window/rect[39m
[35m[HTTP][39m [90m{}[39m
[35m[HTTP][39m [37m<-- GET /wd/hub/session/bc378be5-e703-4e6d-95e3-3e46377ccd80/window/rect [39m[32m200[39m [90m24 ms - 49[39m
[35m[HTTP][39m [90m[39m
[35m[HTTP][39m [37m-->[39m [37mPOST[39m [37m/wd/hub/session/bc378be5-e703-4e6d-95e3-3e46377ccd80/elements[39m
[35m[HTTP][39m [90m{"using":"xpath","value":"//hierarchy/android.widget.FrameLayout[1]/android.widget.LinearLayout[1]/android.widget.FrameLayout[1]/android.webkit.WebView[1]/android.webkit.WebView[1]/android.view.View[1]/android.view.View[1]/android.view.View[1]/android.view.View[1]/android.view.View[2]/android.view.View[2]/android.view.View[1]/android.view.View[1]/android.view.View[1]/android.view.View[1]/android.view.View[1]/android.view.View[1]/android.view.View[2]/android.view.View[3]/android.view.View[1]/android.widget.Button[1]"}[39m
[35m[HTTP][39m [37m<-- POST /wd/hub/session/bc378be5-e703-4e6d-95e3-3e46377ccd80/elements [39m[32m200[39m [90m60777 ms - 12[39m
[35m[HTTP][39m [90m[39m
[35m[HTTP][39m [37m-->[39m [37mDELETE[39m [37m/wd/hub/session/bc378be5-e703-4e6d-95e3-3e46377ccd80[39m
[35m[HTTP][39m [90m{}[39m
[35m[Appium][39m Removing session bc378be5-e703-4e6d-95e3-3e46377ccd80 from our master session list
[35m[UiAutomator2][39m Restoring hidden api policy to the device default configuration
[35m[HTTP][39m [37m<-- DELETE /wd/hub/session/bc378be5-e703-4e6d-95e3-3e46377ccd80 [39m[32m200[39m [90m538 ms - 14[39m
[35m[HTTP][39m [90m[39m
